<?xml version="1.0" encoding="UTF-8"?>
<testsuite xmlns:xsi="http://www.w3.org/2001/XMLSchema-instance" xsi:noNamespaceSchemaLocation="https://maven.apache.org/surefire/maven-surefire-plugin/xsd/surefire-test-report-3.0.xsd" version="3.0" name="com.travel.booking.service.impl.BookingServiceImplTest" time="1.716" tests="7" errors="0" skipped="0" failures="0">
  <properties>
[...]
</properties>
  <testcase name="testGetUserBookings" classname="com.travel.booking.service.impl.BookingServiceImplTest" time="1.471"/>
  <testcase name="testGetBookingById" classname="com.travel.booking.service.impl.BookingServiceImplTest" time="0.007"/>
  <testcase name="testCreateOrder" classname="com.travel.booking.service.impl.BookingServiceImplTest" time="0.165"/>
  <testcase name="testCreateBooking" classname="com.travel.booking.service.impl.BookingServiceImplTest" time="0.006"/>
  <testcase name="testUpdateBooking" classname="com.travel.booking.service.impl.BookingServiceImplTest" time="0.003"/>
  <testcase name="testHandlePayCallback" classname="com.travel.booking.service.impl.BookingServiceImplTest" time="0.027"/>
  <testcase name="testDeleteBooking" classname="com.travel.booking.service.impl.BookingServiceImplTest" time="0.004"/>
</testsuite>